Using pre-set license
Built from '2020.2/release' branch; Version is '2020.2.2f1 (068178b99f32) revision 426360'; Using compiler version '192528614'; Build Type 'Release'
OS: 'Windows 10 Pro; OS build 19042.746; Version 2009; 64bit' Language: 'en' Physical Memory: 16333 MB
BatchMode: 1, IsHumanControllingUs: 0, StartBugReporterOnCrash: 0, Is64bit: 1, IsPro: 0

 COMMAND LINE ARGUMENTS:
D:\Unity\Editors\2020.2.2f1\Editor\Unity.exe
-adb2
-batchMode
-noUpm
-name
AssetImportWorker0
-projectPath
D:/Unity/Projects/GGJ-2021/GGJ-2021
-logFile
Logs/AssetImportWorker0.log
-srvPort
57134
Successfully changed project path to: D:/Unity/Projects/GGJ-2021/GGJ-2021
D:/Unity/Projects/GGJ-2021/GGJ-2021
Using Asset Import Pipeline V2.
Refreshing native plugins compatible for Editor in 25.13 ms, found 0 plugins.
Preloading 0 native plugins for Editor in 0.00 ms.
Initialize engine version: 2020.2.2f1 (068178b99f32)
[Subsystems] Discovering subsystems at path D:/Unity/Editors/2020.2.2f1/Editor/Data/Resources/UnitySubsystems
[Subsystems] Discovering subsystems at path D:/Unity/Projects/GGJ-2021/GGJ-2021/Assets
GfxDevice: creating device client; threaded=0
Direct3D:
    Version:  Direct3D 11.0 [level 11.1]
    Renderer: NVIDIA GeForce RTX 2070 (ID=0x1f07)
    Vendor:   
    VRAM:     8031 MB
    Driver:   27.21.14.6140
Initialize mono
Mono path[0] = 'D:/Unity/Editors/2020.2.2f1/Editor/Data/Managed'
Mono path[1] = 'D:/Unity/Editors/2020.2.2f1/Editor/Data/MonoBleedingEdge/lib/mono/unityjit'
Mono config path = 'D:/Unity/Editors/2020.2.2f1/Editor/Data/MonoBleedingEdge/etc'
Using monoOptions --debugger-agent=transport=dt_socket,embedding=1,server=y,suspend=n,address=127.0.0.1:56608
Begin MonoManager ReloadAssembly
Registering precompiled unity dll's ...
Register platform support module: D:/Unity/Editors/2020.2.2f1/Editor/Data/PlaybackEngines/WindowsStandaloneSupport/UnityEditor.WindowsStandalone.Extensions.dll
Registered in 0.001163 seconds.
Native extension for WindowsStandalone target not found
Refreshing native plugins compatible for Editor in 25.37 ms, found 0 plugins.
Preloading 0 native plugins for Editor in 0.00 ms.
Invoked RoslynAnalysisRunner static constructor.
RoslynAnalysisRunner will not be running.
RoslynAnalysisRunner has terminated.
Mono: successfully reloaded assembly
- Completed reload, in  1.169 seconds
Platform modules already initialized, skipping
Registering precompiled user dll's ...
Registered in 0.000772 seconds.
Begin MonoManager ReloadAssembly
Native extension for WindowsStandalone target not found
Refreshing native plugins compatible for Editor in 0.36 ms, found 0 plugins.
Preloading 0 native plugins for Editor in 0.00 ms.
Invoked RoslynAnalysisRunner static constructor.
RoslynAnalysisRunner will not be running.
RoslynAnalysisRunner has terminated.
Mono: successfully reloaded assembly
- Completed reload, in  1.102 seconds
Platform modules already initialized, skipping
========================================================================
Worker process is ready to serve import requests
Launched and connected shader compiler UnityShaderCompiler.exe after 0.04 seconds
Refreshing native plugins compatible for Editor in 0.37 ms, found 0 plugins.
Preloading 0 native plugins for Editor in 0.00 ms.
Unloading 1630 Unused Serialized files (Serialized files now loaded: 0)
System memory in use before: 79.5 MB.
System memory in use after: 79.5 MB.

Unloading 12 unused Assets to reduce memory usage. Loaded Objects now: 2070.
Total: 2.425500 ms (FindLiveObjects: 0.224400 ms CreateObjectMapping: 0.040100 ms MarkObjects: 2.064000 ms  DeleteObjects: 0.095600 ms)

========================================================================
Received Import Request.
  path: Assets/Scripts/Character_Kick.cs
  artifactKey: Guid(ad6aab5e844f81840b67709555896533) Importer(815301076,1909f56bfc062723c751e8b465ee728b)
Start importing Assets/Scripts/Character_Kick.cs using Guid(ad6aab5e844f81840b67709555896533) Importer(815301076,1909f56bfc062723c751e8b465ee728b)  -> (artifact id: 'ecea720fd20f0a8b3a39ca9b848fd8c5') in 0.036283 seconds
  Import took 0.039037 seconds .

========================================================================
Received Prepare
Registering precompiled user dll's ...
Registered in 0.000734 seconds.
Begin MonoManager ReloadAssembly
Native extension for WindowsStandalone target not found
Refreshing native plugins compatible for Editor in 0.33 ms, found 0 plugins.
Preloading 0 native plugins for Editor in 0.00 ms.
Invoked RoslynAnalysisRunner static constructor.
RoslynAnalysisRunner will not be running.
RoslynAnalysisRunner has terminated.
Mono: successfully reloaded assembly
- Completed reload, in  0.686 seconds
Platform modules already initialized, skipping
Refreshing native plugins compatible for Editor in 0.29 ms, found 0 plugins.
Preloading 0 native plugins for Editor in 0.00 ms.
Unloading 1622 Unused Serialized files (Serialized files now loaded: 0)
System memory in use before: 79.5 MB.
System memory in use after: 79.6 MB.

Unloading 8 unused Assets to reduce memory usage. Loaded Objects now: 2072.
Total: 1.988700 ms (FindLiveObjects: 0.195400 ms CreateObjectMapping: 0.034200 ms MarkObjects: 1.691800 ms  DeleteObjects: 0.066300 ms)

========================================================================
Received Import Request.
  Time since last request: 57.013068 seconds.
  path: Assets/Scripts/Item_Pickup.cs
  artifactKey: Guid(d54fcb91e5517bf4aab32ad89eca0346) Importer(815301076,1909f56bfc062723c751e8b465ee728b)
Start importing Assets/Scripts/Item_Pickup.cs using Guid(d54fcb91e5517bf4aab32ad89eca0346) Importer(815301076,1909f56bfc062723c751e8b465ee728b)  -> (artifact id: '77ffad4dc940415f3b1c910c75f97ce1') in 0.010024 seconds
  Import took 0.012974 seconds .

========================================================================
Received Import Request.
  Time since last request: 0.000988 seconds.
  path: Assets/Scripts/Item_Pickup.cs
  artifactKey: Guid(d54fcb91e5517bf4aab32ad89eca0346) Importer(815301076,1909f56bfc062723c751e8b465ee728b)
Start importing Assets/Scripts/Item_Pickup.cs using Guid(d54fcb91e5517bf4aab32ad89eca0346) Importer(815301076,1909f56bfc062723c751e8b465ee728b)  -> (artifact id: '77ffad4dc940415f3b1c910c75f97ce1') in 0.002932 seconds
  Import took 0.005675 seconds .

========================================================================
Received Prepare
Registering precompiled user dll's ...
Registered in 0.000706 seconds.
Begin MonoManager ReloadAssembly
Native extension for WindowsStandalone target not found
Refreshing native plugins compatible for Editor in 0.32 ms, found 0 plugins.
Preloading 0 native plugins for Editor in 0.00 ms.
Invoked RoslynAnalysisRunner static constructor.
RoslynAnalysisRunner will not be running.
RoslynAnalysisRunner has terminated.
Mono: successfully reloaded assembly
- Completed reload, in  0.691 seconds
Platform modules already initialized, skipping
Refreshing native plugins compatible for Editor in 0.35 ms, found 0 plugins.
Preloading 0 native plugins for Editor in 0.00 ms.
Unloading 1622 Unused Serialized files (Serialized files now loaded: 0)
System memory in use before: 79.7 MB.
System memory in use after: 79.7 MB.

Unloading 7 unused Assets to reduce memory usage. Loaded Objects now: 2075.
Total: 1.855400 ms (FindLiveObjects: 0.191200 ms CreateObjectMapping: 0.036600 ms MarkObjects: 1.567100 ms  DeleteObjects: 0.059700 ms)

========================================================================
Received Import Request.
  Time since last request: 129.406340 seconds.
  path: Assets/Scenes/Kicking Scene.unity
  artifactKey: Guid(1a8e1aa1a3155024d98b7c948357dfed) Importer(815301076,1909f56bfc062723c751e8b465ee728b)
Start importing Assets/Scenes/Kicking Scene.unity using Guid(1a8e1aa1a3155024d98b7c948357dfed) Importer(815301076,1909f56bfc062723c751e8b465ee728b)  -> (artifact id: '5356b834d9b10fab0f38e05faa560aeb') in 0.014680 seconds
  Import took 0.017447 seconds .

========================================================================
Received Import Request.
  Time since last request: 27.875787 seconds.
  path: Assets/Prefabs/Player/Player.prefab
  artifactKey: Guid(384254ec47d8ff043a11c182bbb03f11) Importer(815301076,1909f56bfc062723c751e8b465ee728b)
Start importing Assets/Prefabs/Player/Player.prefab using Guid(384254ec47d8ff043a11c182bbb03f11) Importer(815301076,1909f56bfc062723c751e8b465ee728b)  -> (artifact id: 'd351e3d2706678df54ef0ad1be4061a3') in 0.073987 seconds
  Import took 0.076716 seconds .

========================================================================
Received Prepare
Registering precompiled user dll's ...
Registered in 0.000661 seconds.
Begin MonoManager ReloadAssembly
Native extension for WindowsStandalone target not found
Refreshing native plugins compatible for Editor in 0.31 ms, found 0 plugins.
Preloading 0 native plugins for Editor in 0.00 ms.
Invoked RoslynAnalysisRunner static constructor.
RoslynAnalysisRunner will not be running.
RoslynAnalysisRunner has terminated.
Mono: successfully reloaded assembly
- Completed reload, in  0.673 seconds
Platform modules already initialized, skipping
Refreshing native plugins compatible for Editor in 0.30 ms, found 0 plugins.
Preloading 0 native plugins for Editor in 0.00 ms.
Unloading 1622 Unused Serialized files (Serialized files now loaded: 0)
System memory in use before: 83.0 MB.
System memory in use after: 83.1 MB.

Unloading 8 unused Assets to reduce memory usage. Loaded Objects now: 2085.
Total: 1.955200 ms (FindLiveObjects: 0.187500 ms CreateObjectMapping: 0.035800 ms MarkObjects: 1.667100 ms  DeleteObjects: 0.063900 ms)

========================================================================
Received Prepare
Registering precompiled user dll's ...
Registered in 0.000691 seconds.
Begin MonoManager ReloadAssembly
Native extension for WindowsStandalone target not found
Refreshing native plugins compatible for Editor in 0.31 ms, found 0 plugins.
Preloading 0 native plugins for Editor in 0.00 ms.
Invoked RoslynAnalysisRunner static constructor.
RoslynAnalysisRunner will not be running.
RoslynAnalysisRunner has terminated.
Mono: successfully reloaded assembly
- Completed reload, in  0.682 seconds
Platform modules already initialized, skipping
Refreshing native plugins compatible for Editor in 0.45 ms, found 0 plugins.
Preloading 0 native plugins for Editor in 0.00 ms.
Unloading 1622 Unused Serialized files (Serialized files now loaded: 0)
System memory in use before: 83.2 MB.
System memory in use after: 83.3 MB.

Unloading 7 unused Assets to reduce memory usage. Loaded Objects now: 2087.
Total: 2.206300 ms (FindLiveObjects: 0.249400 ms CreateObjectMapping: 0.041500 ms MarkObjects: 1.852200 ms  DeleteObjects: 0.062000 ms)

========================================================================
Received Prepare
Registering precompiled user dll's ...
Registered in 0.000702 seconds.
Begin MonoManager ReloadAssembly
Native extension for WindowsStandalone target not found
Refreshing native plugins compatible for Editor in 0.32 ms, found 0 plugins.
Preloading 0 native plugins for Editor in 0.00 ms.
Invoked RoslynAnalysisRunner static constructor.
RoslynAnalysisRunner will not be running.
RoslynAnalysisRunner has terminated.
Mono: successfully reloaded assembly
- Completed reload, in  0.714 seconds
Platform modules already initialized, skipping
Refreshing native plugins compatible for Editor in 0.31 ms, found 0 plugins.
Preloading 0 native plugins for Editor in 0.00 ms.
Unloading 1622 Unused Serialized files (Serialized files now loaded: 0)
System memory in use before: 83.3 MB.
System memory in use after: 83.4 MB.

Unloading 7 unused Assets to reduce memory usage. Loaded Objects now: 2089.
Total: 1.946500 ms (FindLiveObjects: 0.194300 ms CreateObjectMapping: 0.036400 ms MarkObjects: 1.653300 ms  DeleteObjects: 0.061100 ms)

========================================================================
Received Prepare
Registering precompiled user dll's ...
Registered in 0.000593 seconds.
Begin MonoManager ReloadAssembly
Native extension for WindowsStandalone target not found
Refreshing native plugins compatible for Editor in 0.33 ms, found 0 plugins.
Preloading 0 native plugins for Editor in 0.00 ms.
Invoked RoslynAnalysisRunner static constructor.
RoslynAnalysisRunner will not be running.
RoslynAnalysisRunner has terminated.
Mono: successfully reloaded assembly
- Completed reload, in  0.690 seconds
Platform modules already initialized, skipping
Refreshing native plugins compatible for Editor in 0.29 ms, found 0 plugins.
Preloading 0 native plugins for Editor in 0.00 ms.
Unloading 1622 Unused Serialized files (Serialized files now loaded: 0)
System memory in use before: 83.5 MB.
System memory in use after: 83.6 MB.

Unloading 7 unused Assets to reduce memory usage. Loaded Objects now: 2091.
Total: 2.065500 ms (FindLiveObjects: 0.210900 ms CreateObjectMapping: 0.043300 ms MarkObjects: 1.754100 ms  DeleteObjects: 0.056200 ms)

========================================================================
Received Prepare
Registering precompiled user dll's ...
Registered in 0.000733 seconds.
Begin MonoManager ReloadAssembly
Native extension for WindowsStandalone target not found
Refreshing native plugins compatible for Editor in 0.32 ms, found 0 plugins.
Preloading 0 native plugins for Editor in 0.00 ms.
Invoked RoslynAnalysisRunner static constructor.
RoslynAnalysisRunner will not be running.
RoslynAnalysisRunner has terminated.
Mono: successfully reloaded assembly
- Completed reload, in  0.693 seconds
Platform modules already initialized, skipping
Refreshing native plugins compatible for Editor in 0.34 ms, found 0 plugins.
Preloading 0 native plugins for Editor in 0.00 ms.
Unloading 1622 Unused Serialized files (Serialized files now loaded: 0)
System memory in use before: 83.7 MB.
System memory in use after: 83.8 MB.

Unloading 7 unused Assets to reduce memory usage. Loaded Objects now: 2093.
Total: 2.034300 ms (FindLiveObjects: 0.203200 ms CreateObjectMapping: 0.036000 ms MarkObjects: 1.725900 ms  DeleteObjects: 0.067800 ms)

========================================================================
Received Prepare
Registering precompiled user dll's ...
Registered in 0.000745 seconds.
Begin MonoManager ReloadAssembly
Native extension for WindowsStandalone target not found
Refreshing native plugins compatible for Editor in 0.39 ms, found 0 plugins.
Preloading 0 native plugins for Editor in 0.00 ms.
Invoked RoslynAnalysisRunner static constructor.
RoslynAnalysisRunner will not be running.
RoslynAnalysisRunner has terminated.
Mono: successfully reloaded assembly
- Completed reload, in  0.727 seconds
Platform modules already initialized, skipping
Shader 'TextMeshPro/Distance Field': fallback shader 'TextMeshPro/Mobile/Distance Field' not found
Shader 'TextMeshPro/Distance Field Overlay': fallback shader 'TextMeshPro/Mobile/Distance Field' not found
Shader 'TextMeshPro/Distance Field SSD': fallback shader 'TextMeshPro/Mobile/Distance Field' not found
Refreshing native plugins compatible for Editor in 0.30 ms, found 0 plugins.
Preloading 0 native plugins for Editor in 0.00 ms.
Unloading 1637 Unused Serialized files (Serialized files now loaded: 0)
System memory in use before: 85.6 MB.
System memory in use after: 85.1 MB.

Unloading 20 unused Assets to reduce memory usage. Loaded Objects now: 2097.
Total: 2.090300 ms (FindLiveObjects: 0.197400 ms CreateObjectMapping: 0.036700 ms MarkObjects: 1.514600 ms  DeleteObjects: 0.340600 ms)

========================================================================
Received Prepare
Registering precompiled user dll's ...
Registered in 0.001009 seconds.
Begin MonoManager ReloadAssembly
Native extension for WindowsStandalone target not found
Refreshing native plugins compatible for Editor in 0.31 ms, found 0 plugins.
Preloading 0 native plugins for Editor in 0.00 ms.
Invoked RoslynAnalysisRunner static constructor.
RoslynAnalysisRunner will not be running.
RoslynAnalysisRunner has terminated.
Mono: successfully reloaded assembly
- Completed reload, in  0.666 seconds
Platform modules already initialized, skipping
Refreshing native plugins compatible for Editor in 0.31 ms, found 0 plugins.
Preloading 0 native plugins for Editor in 0.00 ms.
Unloading 1637 Unused Serialized files (Serialized files now loaded: 0)
System memory in use before: 85.8 MB.
System memory in use after: 85.3 MB.

Unloading 20 unused Assets to reduce memory usage. Loaded Objects now: 2099.
Total: 2.333500 ms (FindLiveObjects: 0.199200 ms CreateObjectMapping: 0.035300 ms MarkObjects: 1.638500 ms  DeleteObjects: 0.459300 ms)

========================================================================
Received Import Request.
  Time since last request: 788.052536 seconds.
  path: Assets/TextMesh Pro
  artifactKey: Guid(8ee8f71ee6233b641bcacc2459d546ab) Importer(815301076,1909f56bfc062723c751e8b465ee728b)
Start importing Assets/TextMesh Pro using Guid(8ee8f71ee6233b641bcacc2459d546ab) Importer(815301076,1909f56bfc062723c751e8b465ee728b)  -> (artifact id: 'ea8c4b6d28522fc3974a820654025b75') in 0.008563 seconds
  Import took 0.011140 seconds .

========================================================================
Received Import Request.
  Time since last request: 1103.058491 seconds.
  path: Assets/Scripts/Item_Pickup.cs
  artifactKey: Guid(d54fcb91e5517bf4aab32ad89eca0346) Importer(815301076,1909f56bfc062723c751e8b465ee728b)
Start importing Assets/Scripts/Item_Pickup.cs using Guid(d54fcb91e5517bf4aab32ad89eca0346) Importer(815301076,1909f56bfc062723c751e8b465ee728b)  -> (artifact id: '3e6e1269af20c602649a1e6758edc7c2') in 0.002199 seconds
  Import took 0.005026 seconds .

========================================================================
Received Import Request.
  Time since last request: 0.000738 seconds.
  path: Assets/Scripts/Item_Pickup.cs
  artifactKey: Guid(d54fcb91e5517bf4aab32ad89eca0346) Importer(815301076,1909f56bfc062723c751e8b465ee728b)
Start importing Assets/Scripts/Item_Pickup.cs using Guid(d54fcb91e5517bf4aab32ad89eca0346) Importer(815301076,1909f56bfc062723c751e8b465ee728b)  -> (artifact id: '3e6e1269af20c602649a1e6758edc7c2') in 0.002456 seconds
  Import took 0.005073 seconds .

========================================================================
Received Prepare
Registering precompiled user dll's ...
Registered in 0.000736 seconds.
Begin MonoManager ReloadAssembly
Native extension for WindowsStandalone target not found
Refreshing native plugins compatible for Editor in 0.31 ms, found 0 plugins.
Preloading 0 native plugins for Editor in 0.00 ms.
Invoked RoslynAnalysisRunner static constructor.
RoslynAnalysisRunner will not be running.
RoslynAnalysisRunner has terminated.
Mono: successfully reloaded assembly
- Completed reload, in  0.683 seconds
Platform modules already initialized, skipping
Refreshing native plugins compatible for Editor in 0.29 ms, found 0 plugins.
Preloading 0 native plugins for Editor in 0.00 ms.
Unloading 1636 Unused Serialized files (Serialized files now loaded: 0)
System memory in use before: 85.9 MB.
System memory in use after: 85.4 MB.

Unloading 21 unused Assets to reduce memory usage. Loaded Objects now: 2100.
Total: 2.399700 ms (FindLiveObjects: 0.199900 ms CreateObjectMapping: 0.038700 ms MarkObjects: 1.809000 ms  DeleteObjects: 0.351100 ms)

========================================================================
Received Import Request.
  Time since last request: 12.308086 seconds.
  path: Assets/Scripts/Player_Interact.cs
  artifactKey: Guid(f15b26730c663a54aabe0dfca768c1c3) Importer(815301076,1909f56bfc062723c751e8b465ee728b)
Start importing Assets/Scripts/Player_Interact.cs using Guid(f15b26730c663a54aabe0dfca768c1c3) Importer(815301076,1909f56bfc062723c751e8b465ee728b)  -> (artifact id: '6f60c9cf253c13cfc42a9fc2beea1abc') in 0.008181 seconds
  Import took 0.010912 seconds .

========================================================================
Received Import Request.
  Time since last request: 0.002147 seconds.
  path: Assets/Scripts/Player_Interact.cs
  artifactKey: Guid(f15b26730c663a54aabe0dfca768c1c3) Importer(815301076,1909f56bfc062723c751e8b465ee728b)
Start importing Assets/Scripts/Player_Interact.cs using Guid(f15b26730c663a54aabe0dfca768c1c3) Importer(815301076,1909f56bfc062723c751e8b465ee728b)  -> (artifact id: '6f60c9cf253c13cfc42a9fc2beea1abc') in 0.002067 seconds
  Import took 0.004892 seconds .

========================================================================
Received Prepare
Registering precompiled user dll's ...
Registered in 0.000677 seconds.
Begin MonoManager ReloadAssembly
Native extension for WindowsStandalone target not found
Refreshing native plugins compatible for Editor in 0.34 ms, found 0 plugins.
Preloading 0 native plugins for Editor in 0.00 ms.
Invoked RoslynAnalysisRunner static constructor.
RoslynAnalysisRunner will not be running.
RoslynAnalysisRunner has terminated.
Mono: successfully reloaded assembly
- Completed reload, in  0.688 seconds
Platform modules already initialized, skipping
Refreshing native plugins compatible for Editor in 0.30 ms, found 0 plugins.
Preloading 0 native plugins for Editor in 0.00 ms.
Unloading 1637 Unused Serialized files (Serialized files now loaded: 0)
System memory in use before: 86.1 MB.
System memory in use after: 85.6 MB.

Unloading 20 unused Assets to reduce memory usage. Loaded Objects now: 2103.
Total: 2.574400 ms (FindLiveObjects: 0.208200 ms CreateObjectMapping: 0.042400 ms MarkObjects: 1.938000 ms  DeleteObjects: 0.384700 ms)

========================================================================
Received Import Request.
  Time since last request: 829.609218 seconds.
  path: Assets/Scripts/PhysicsObject.cs
  artifactKey: Guid(944055a865eb45b4dbc6805ec34610cf) Importer(815301076,1909f56bfc062723c751e8b465ee728b)
Start importing Assets/Scripts/PhysicsObject.cs using Guid(944055a865eb45b4dbc6805ec34610cf) Importer(815301076,1909f56bfc062723c751e8b465ee728b)  -> (artifact id: '1e0655cc24568ce3713d86635c7dcd88') in 0.008062 seconds
  Import took 0.010928 seconds .

========================================================================
Received Import Request.
  Time since last request: 0.131330 seconds.
  path: Assets/Scripts/PhysicsObject.cs
  artifactKey: Guid(944055a865eb45b4dbc6805ec34610cf) Importer(815301076,1909f56bfc062723c751e8b465ee728b)
Start importing Assets/Scripts/PhysicsObject.cs using Guid(944055a865eb45b4dbc6805ec34610cf) Importer(815301076,1909f56bfc062723c751e8b465ee728b)  -> (artifact id: '1e0655cc24568ce3713d86635c7dcd88') in 0.002163 seconds
  Import took 0.004920 seconds .

========================================================================
Received Prepare
Registering precompiled user dll's ...
Registered in 0.000650 seconds.
Begin MonoManager ReloadAssembly
Native extension for WindowsStandalone target not found
Refreshing native plugins compatible for Editor in 0.36 ms, found 0 plugins.
Preloading 0 native plugins for Editor in 0.00 ms.
Invoked RoslynAnalysisRunner static constructor.
RoslynAnalysisRunner will not be running.
RoslynAnalysisRunner has terminated.
Mono: successfully reloaded assembly
- Completed reload, in  0.683 seconds
Platform modules already initialized, skipping
Refreshing native plugins compatible for Editor in 0.31 ms, found 0 plugins.
Preloading 0 native plugins for Editor in 0.00 ms.
Unloading 1638 Unused Serialized files (Serialized files now loaded: 0)
System memory in use before: 85.3 MB.
System memory in use after: 84.8 MB.

Unloading 20 unused Assets to reduce memory usage. Loaded Objects now: 2106.
Total: 2.346900 ms (FindLiveObjects: 0.202200 ms CreateObjectMapping: 0.037200 ms MarkObjects: 1.739000 ms  DeleteObjects: 0.367500 ms)

========================================================================
Received Import Request.
  Time since last request: 699.889519 seconds.
  path: Assets/Scripts/PhysicsObject.cs
  artifactKey: Guid(944055a865eb45b4dbc6805ec34610cf) Importer(815301076,1909f56bfc062723c751e8b465ee728b)
Start importing Assets/Scripts/PhysicsObject.cs using Guid(944055a865eb45b4dbc6805ec34610cf) Importer(815301076,1909f56bfc062723c751e8b465ee728b)  -> (artifact id: '48a5476ed3002b4b112f4da24e244322') in 0.005286 seconds
  Import took 0.008175 seconds .

AssetImportWorkerClient::OnTransportError - code=2 error=End of file
